
9월 06, 2023 20:57:29.522 NEW SESSION
9월 06, 2023 20:57:29.522 INFO: Created TensorFlow Lite XNNPACK delegate for CPU.

9월 06, 2023 21:18:50.428 NEW SESSION
9월 06, 2023 21:18:50.428 INFO: Created TensorFlow Lite XNNPACK delegate for CPU.
9월 06, 2023 21:19:39.704 INFO: Created TensorFlow Lite XNNPACK delegate for CPU.
9월 06, 2023 21:35:38.14 INFO: Created TensorFlow Lite XNNPACK delegate for CPU.
9월 06, 2023 21:41:24.365 INFO: Created TensorFlow Lite XNNPACK delegate for CPU.
9월 07, 2023 04:26:50.413 INFO: Created TensorFlow Lite XNNPACK delegate for CPU.
9월 07, 2023 04:31:38.636 INFO: Created TensorFlow Lite XNNPACK delegate for CPU.

9월 07, 2023 17:58:02.429 NEW SESSION
9월 07, 2023 17:58:02.429 INFO: Created TensorFlow Lite XNNPACK delegate for CPU.
9월 07, 2023 17:59:43.635 INFO: Created TensorFlow Lite XNNPACK delegate for CPU.
9월 07, 2023 18:01:34.736 INFO: Created TensorFlow Lite XNNPACK delegate for CPU.
9월 07, 2023 19:16:58.884 INFO: Created TensorFlow Lite XNNPACK delegate for CPU.
9월 07, 2023 19:36:14.63 INFO: Created TensorFlow Lite XNNPACK delegate for CPU.
9월 07, 2023 21:47:09.389 [11064:10900:0907/214709.389:ERROR:sharing_service.cc(250)] Device un-registration failed with fatal error
9월 07, 2023 21:47:10.323 [11064:10900:0907/214710.322:ERROR:device_event_log_impl.cc(222)] [21:47:10.323] Bluetooth: bluetooth_adapter_winrt.cc:1058 Getting Default Adapter failed.

9월 08, 2023 15:57:02.358 NEW SESSION
9월 08, 2023 15:57:02.358 INFO: Created TensorFlow Lite XNNPACK delegate for CPU.
9월 08, 2023 16:51:13.79 INFO: Created TensorFlow Lite XNNPACK delegate for CPU.
9월 08, 2023 16:53:26.922 INFO: Created TensorFlow Lite XNNPACK delegate for CPU.
9월 08, 2023 19:31:21.183 INFO: Created TensorFlow Lite XNNPACK delegate for CPU.
9월 08, 2023 20:09:55.342 INFO: Created TensorFlow Lite XNNPACK delegate for CPU.
9월 08, 2023 20:26:12.655 INFO: Created TensorFlow Lite XNNPACK delegate for CPU.
9월 08, 2023 20:31:56.564 INFO: Created TensorFlow Lite XNNPACK delegate for CPU.
9월 08, 2023 20:35:16.262 INFO: Created TensorFlow Lite XNNPACK delegate for CPU.
9월 08, 2023 20:36:56.927 INFO: Created TensorFlow Lite XNNPACK delegate for CPU.
9월 08, 2023 20:52:59.806 INFO: Created TensorFlow Lite XNNPACK delegate for CPU.
9월 08, 2023 20:53:09.254 INFO: Created TensorFlow Lite XNNPACK delegate for CPU.
9월 08, 2023 21:28:14.863 INFO: Created TensorFlow Lite XNNPACK delegate for CPU.

9월 11, 2023 16:09:41.950 NEW SESSION
9월 11, 2023 16:09:41.950 INFO: Created TensorFlow Lite XNNPACK delegate for CPU.
9월 11, 2023 16:14:22.557 INFO: Created TensorFlow Lite XNNPACK delegate for CPU.
9월 11, 2023 16:15:31.696 INFO: Created TensorFlow Lite XNNPACK delegate for CPU.
9월 11, 2023 16:39:08.169 INFO: Created TensorFlow Lite XNNPACK delegate for CPU.

9월 11, 2023 20:28:10.631 NEW SESSION
9월 11, 2023 20:28:10.631 INFO: Created TensorFlow Lite XNNPACK delegate for CPU.

9월 11, 2023 20:35:57.155 NEW SESSION
9월 11, 2023 20:35:57.155 INFO: Created TensorFlow Lite XNNPACK delegate for CPU.
9월 11, 2023 20:53:54.180 INFO: Created TensorFlow Lite XNNPACK delegate for CPU.
9월 11, 2023 21:10:36.23 INFO: Created TensorFlow Lite XNNPACK delegate for CPU.
9월 11, 2023 21:15:24.227 INFO: Created TensorFlow Lite XNNPACK delegate for CPU.

9월 12, 2023 15:45:25.41 NEW SESSION
9월 12, 2023 15:45:25.41 INFO: Created TensorFlow Lite XNNPACK delegate for CPU.
9월 12, 2023 15:49:20.560 INFO: Created TensorFlow Lite XNNPACK delegate for CPU.
9월 12, 2023 15:56:45.39 [10984:10656:0912/155645.039:ERROR:page_load_metrics_update_dispatcher.cc(178)] Invalid first_paint 0.497 s for first_image_paint 0.481 s
9월 12, 2023 15:56:45.218 [10984:10656:0912/155645.217:ERROR:page_load_metrics_update_dispatcher.cc(178)] Invalid first_paint 0.497 s for first_image_paint 0.481 s
9월 12, 2023 15:56:45.334 [10984:10656:0912/155645.334:ERROR:page_load_metrics_update_dispatcher.cc(178)] Invalid first_paint 0.497 s for first_image_paint 0.481 s
9월 12, 2023 15:56:45.917 [10984:10656:0912/155645.917:ERROR:page_load_metrics_update_dispatcher.cc(178)] Invalid first_paint 0.497 s for first_image_paint 0.481 s
9월 12, 2023 15:56:46.34 [10984:10656:0912/155646.034:ERROR:page_load_metrics_update_dispatcher.cc(178)] Invalid first_paint 0.497 s for first_image_paint 0.481 s
9월 12, 2023 15:56:46.153 [10984:10656:0912/155646.153:ERROR:page_load_metrics_update_dispatcher.cc(178)] Invalid first_paint 0.497 s for first_image_paint 0.481 s
9월 12, 2023 15:56:49.199 [10984:10656:0912/155649.199:ERROR:page_load_metrics_update_dispatcher.cc(178)] Invalid first_paint 0.497 s for first_image_paint 0.481 s
9월 12, 2023 15:56:49.235 [10984:10656:0912/155649.235:ERROR:page_load_metrics_update_dispatcher.cc(178)] Invalid first_paint 0.497 s for first_image_paint 0.481 s
9월 12, 2023 15:56:49.341 [10984:10656:0912/155649.341:ERROR:page_load_metrics_update_dispatcher.cc(178)] Invalid first_paint 0.497 s for first_image_paint 0.481 s
